<?xml version="1.0" encoding="UTF-8"?>
<!-- Generated by org.testng.reporters.JUnitXMLReporter -->
<testsuite ignored="0" hostname="Pakinams-MacBook-Air.local" failures="0" tests="2" name="Login Tests" time="0.732" errors="0" timestamp="2023-10-28T10:47:10 EET">
  <testcase classname="org.apache.maven.archetypes.nopcommerceApp.TestLogin" name="test_login" time="0.0">
    <skipped/>
  </testcase> <!-- test_login -->
  <testcase classname="org.apache.maven.archetypes.nopcommerceApp.DDTestLogin" name="ddt_test_login" time="0.0">
    <skipped/>
  </testcase> <!-- ddt_test_login -->
</testsuite> <!-- Login Tests -->
