<?xml version="1.0" encoding="UTF-8"?>
<!-- Generated by org.testng.reporters.JUnitXMLReporter -->
<testsuite ignored="0" hostname="Pakinams-MacBook-Air.local" failures="0" tests="6" name="Products Tests" time="0.062" errors="0" timestamp="2023-10-28T10:47:10 EET">
  <testcase classname="org.apache.maven.archetypes.nopcommerceApp.TestAddProduct" name="test_AddProduct" time="0.0">
    <skipped/>
  </testcase> <!-- test_AddProduct -->
  <testcase classname="org.apache.maven.archetypes.nopcommerceApp.TestSearchProductByName" name="test_searchByProductName" time="0.0">
    <skipped/>
  </testcase> <!-- test_searchByProductName -->
  <testcase classname="org.apache.maven.archetypes.nopcommerceApp.TestSearchProductByType" name="test_searchProductByType" time="0.0">
    <skipped/>
  </testcase> <!-- test_searchProductByType -->
  <testcase classname="org.apache.maven.archetypes.nopcommerceApp.TestEditSearchedProduct" name="test_ifTheSearchedProductUpdatedAfterEditing" time="0.0">
    <skipped/>
  </testcase> <!-- test_ifTheSearchedProductUpdatedAfterEditing -->
  <testcase classname="org.apache.maven.archetypes.nopcommerceApp.TestDeleteSearchedProduct" name="test_IfSearchedProductWasDeletedAfterPressingDeleteButton" time="0.0">
    <skipped/>
  </testcase> <!-- test_IfSearchedProductWasDeletedAfterPressingDeleteButton -->
  <testcase classname="org.apache.maven.archetypes.nopcommerceApp.ClearAllProductsTest" name="test_IfAllTheChosenProductsCanBeDeletedWhenPressingDeleteButton" time="0.0">
    <skipped/>
  </testcase> <!-- test_IfAllTheChosenProductsCanBeDeletedWhenPressingDeleteButton -->
</testsuite> <!-- Products Tests -->
