<?xml version="1.0" encoding="UTF-8"?>
<testsuite xmlns:xsi="http://www.w3.org/2001/XMLSchema-instance" xsi:noNamespaceSchemaLocation="https://maven.apache.org/surefire/maven-surefire-plugin/xsd/surefire-test-report.xsd" name="TestSuite" time="2.667" tests="43" errors="0" skipped="34" failures="9">
  <properties>
[...]
</properties>
  <testcase name="setup" classname="org.apache.maven.archetypes.nopcommerceApp.TestLogin" time="1.256">
    <failure message="Cannot find firefox binary in PATH. Make sure firefox is installed. OS appears to be: MAC&#10;Build info: version: &apos;3.141.59&apos;, revision: &apos;e82be7d358&apos;, time: &apos;2018-11-14T08:17:03&apos;&#10;System info: host: &apos;Pakinams-MacBook-Air.local&apos;, ip: &apos;fd58:d759:8a5a:d000:cd:fa8:6839:81b4%en0&apos;, os.name: &apos;Mac OS X&apos;, os.arch: &apos;x86_64&apos;, os.version: &apos;11.2&apos;, java.version: &apos;11.0.13&apos;&#10;Driver info: driver.version: FirefoxDriver" type="org.openqa.selenium.WebDriverException">org.openqa.selenium.WebDriverException: 
Cannot find firefox binary in PATH. Make sure firefox is installed. OS appears to be: MAC
Build info: version: '3.141.59', revision: 'e82be7d358', time: '2018-11-14T08:17:03'
System info: host: 'Pakinams-MacBook-Air.local', ip: 'fd58:d759:8a5a:d000:cd:fa8:6839:81b4%en0', os.name: 'Mac OS X', os.arch: 'x86_64', os.version: '11.2', java.version: '11.0.13'
Driver info: driver.version: FirefoxDriver
</failure>
  </testcase>
  <testcase name="beforeMethod" classname="org.apache.maven.archetypes.nopcommerceApp.TestLogin" time="0">
    <skipped/>
  </testcase>
  <testcase name="test_login" classname="org.apache.maven.archetypes.nopcommerceApp.TestLogin" time="0">
    <skipped message="Cannot find firefox binary in PATH. Make sure firefox is installed. OS appears to be: MAC&#10;Build info: version: &apos;3.141.59&apos;, revision: &apos;e82be7d358&apos;, time: &apos;2018-11-14T08:17:03&apos;&#10;System info: host: &apos;Pakinams-MacBook-Air.local&apos;, ip: &apos;fd58:d759:8a5a:d000:cd:fa8:6839:81b4%en0&apos;, os.name: &apos;Mac OS X&apos;, os.arch: &apos;x86_64&apos;, os.version: &apos;11.2&apos;, java.version: &apos;11.0.13&apos;&#10;Driver info: driver.version: FirefoxDriver"/>
  </testcase>
  <testcase name="afterMethod" classname="org.apache.maven.archetypes.nopcommerceApp.TestLogin" time="0">
    <skipped/>
  </testcase>
  <testcase name="tearDown" classname="org.apache.maven.archetypes.nopcommerceApp.TestLogin" time="0">
    <skipped/>
  </testcase>
  <testcase name="setup" classname="org.apache.maven.archetypes.nopcommerceApp.DDTestLogin" time="0.02">
    <failure message="Cannot find firefox binary in PATH. Make sure firefox is installed. OS appears to be: MAC&#10;Build info: version: &apos;3.141.59&apos;, revision: &apos;e82be7d358&apos;, time: &apos;2018-11-14T08:17:03&apos;&#10;System info: host: &apos;Pakinams-MacBook-Air.local&apos;, ip: &apos;fd58:d759:8a5a:d000:cd:fa8:6839:81b4%en0&apos;, os.name: &apos;Mac OS X&apos;, os.arch: &apos;x86_64&apos;, os.version: &apos;11.2&apos;, java.version: &apos;11.0.13&apos;&#10;Driver info: driver.version: FirefoxDriver" type="org.openqa.selenium.WebDriverException">org.openqa.selenium.WebDriverException: 
Cannot find firefox binary in PATH. Make sure firefox is installed. OS appears to be: MAC
Build info: version: '3.141.59', revision: 'e82be7d358', time: '2018-11-14T08:17:03'
System info: host: 'Pakinams-MacBook-Air.local', ip: 'fd58:d759:8a5a:d000:cd:fa8:6839:81b4%en0', os.name: 'Mac OS X', os.arch: 'x86_64', os.version: '11.2', java.version: '11.0.13'
Driver info: driver.version: FirefoxDriver
</failure>
  </testcase>
  <testcase name="ddt_test_login" classname="org.apache.maven.archetypes.nopcommerceApp.DDTestLogin" time="0">
    <skipped message="java.io.FileNotFoundException: .\testdata\testdata.json (No such file or directory)"/>
    <system-err><![CDATA[[Utils] [ERROR] [Error] java.io.FileNotFoundException: .\testdata\testdata.json (No such file or directory)
	at java.base/java.io.FileInputStream.open0(Native Method)
	at java.base/java.io.FileInputStream.open(FileInputStream.java:219)
	at java.base/java.io.FileInputStream.&lt;init&gt;(FileInputStream.java:157)
	at java.base/java.io.FileInputStream.&lt;init&gt;(FileInputStream.java:112)
	at java.base/java.io.FileReader.&lt;init&gt;(FileReader.java:60)
	at org.apache.maven.archetypes.nopcommerceApp.DDTestLogin.readJson(DDTestLogin.java:132)
	at java.base/jdk.internal.reflect.NativeMethodAccessorImpl.invoke0(Native Method)
	at java.base/jdk.internal.reflect.NativeMethodAccessorImpl.invoke(NativeMethodAccessorImpl.java:62)
	at java.base/jdk.internal.reflect.DelegatingMethodAccessorImpl.invoke(DelegatingMethodAccessorImpl.java:43)
	at java.base/java.lang.reflect.Method.invoke(Method.java:566)
	at org.testng.internal.MethodInvocationHelper.invokeMethod(MethodInvocationHelper.java:134)
	at org.testng.internal.MethodInvocationHelper.invokeMethod(MethodInvocationHelper.java:78)
	at org.testng.internal.MethodInvocationHelper.invokeMethodNoCheckedException(MethodInvocationHelper.java:47)
	at org.testng.internal.MethodInvocationHelper.invokeDataProvider(MethodInvocationHelper.java:147)
	at org.testng.internal.Parameters.handleParameters(Parameters.java:801)
	at org.testng.internal.Parameters.handleParameters(Parameters.java:744)
	at org.testng.internal.ParameterHandler.handleParameters(ParameterHandler.java:59)
	at org.testng.internal.ParameterHandler.createParameters(ParameterHandler.java:38)
	at org.testng.internal.TestInvoker$MethodInvocationAgent.invoke(TestInvoker.java:783)
	at org.testng.internal.TestInvoker.invokeTestMethods(TestInvoker.java:146)
	at org.testng.internal.TestMethodWorker.invokeTestMethods(TestMethodWorker.java:146)
	at org.testng.internal.TestMethodWorker.run(TestMethodWorker.java:128)
	at java.base/java.util.ArrayList.forEach(ArrayList.java:1541)
	at org.testng.TestRunner.privateRun(TestRunner.java:766)
	at org.testng.TestRunner.run(TestRunner.java:587)
	at org.testng.SuiteRunner.runTest(SuiteRunner.java:384)
	at org.testng.SuiteRunner.runSequentially(SuiteRunner.java:378)
	at org.testng.SuiteRunner.privateRun(SuiteRunner.java:337)
	at org.testng.SuiteRunner.run(SuiteRunner.java:286)
	at org.testng.SuiteRunnerWorker.runSuite(SuiteRunnerWorker.java:53)
	at org.testng.SuiteRunnerWorker.run(SuiteRunnerWorker.java:96)
	at org.testng.TestNG.runSuitesSequentially(TestNG.java:1187)
	at org.testng.TestNG.runSuitesLocally(TestNG.java:1109)
	at org.testng.TestNG.runSuites(TestNG.java:1039)
	at org.testng.TestNG.run(TestNG.java:1007)
	at org.apache.maven.surefire.testng.TestNGExecutor.run(TestNGExecutor.java:283)
	at org.apache.maven.surefire.testng.TestNGXmlTestSuite.execute(TestNGXmlTestSuite.java:75)
	at org.apache.maven.surefire.testng.TestNGProvider.invoke(TestNGProvider.java:120)
	at org.apache.maven.surefire.booter.ForkedBooter.invokeProviderInSameClassLoader(ForkedBooter.java:384)
	at org.apache.maven.surefire.booter.ForkedBooter.runSuitesInProcess(ForkedBooter.java:345)
	at org.apache.maven.surefire.booter.ForkedBooter.execute(ForkedBooter.java:126)
	at org.apache.maven.surefire.booter.ForkedBooter.main(ForkedBooter.java:418)

]]></system-err>
  </testcase>
  <testcase name="tearDown" classname="org.apache.maven.archetypes.nopcommerceApp.DDTestLogin" time="0">
    <skipped/>
  </testcase>
  <testcase name="setup" classname="org.apache.maven.archetypes.nopcommerceApp.TestAddProduct" time="0.844">
    <failure message="The driver executable does not exist: /Users/pakinamnoureldeen/Downloads/nopcommerceApp-master/./Drivers\chromedriver\chromedriver.exe" type="java.lang.IllegalStateException">java.lang.IllegalStateException: The driver executable does not exist: /Users/pakinamnoureldeen/Downloads/nopcommerceApp-master/./Drivers\chromedriver\chromedriver.exe
</failure>
  </testcase>
  <testcase name="beforeMethod" classname="org.apache.maven.archetypes.nopcommerceApp.TestAddProduct" time="0">
    <skipped/>
  </testcase>
  <testcase name="test_AddProduct" classname="org.apache.maven.archetypes.nopcommerceApp.TestAddProduct" time="0">
    <skipped message="The driver executable does not exist: /Users/pakinamnoureldeen/Downloads/nopcommerceApp-master/./Drivers\chromedriver\chromedriver.exe"/>
  </testcase>
  <testcase name="afterMethod" classname="org.apache.maven.archetypes.nopcommerceApp.TestAddProduct" time="0">
    <skipped/>
  </testcase>
  <testcase name="tearDown" classname="org.apache.maven.archetypes.nopcommerceApp.TestAddProduct" time="0">
    <skipped/>
  </testcase>
  <testcase name="setup" classname="org.apache.maven.archetypes.nopcommerceApp.TestSearchProductByName" time="0.006">
    <failure message="The driver executable does not exist: /Users/pakinamnoureldeen/Downloads/nopcommerceApp-master/./Drivers\chromedriver\chromedriver.exe" type="java.lang.IllegalStateException">java.lang.IllegalStateException: The driver executable does not exist: /Users/pakinamnoureldeen/Downloads/nopcommerceApp-master/./Drivers\chromedriver\chromedriver.exe
</failure>
  </testcase>
  <testcase name="beforeMethod" classname="org.apache.maven.archetypes.nopcommerceApp.TestSearchProductByName" time="0">
    <skipped/>
  </testcase>
  <testcase name="test_searchByProductName" classname="org.apache.maven.archetypes.nopcommerceApp.TestSearchProductByName" time="0">
    <skipped message="The driver executable does not exist: /Users/pakinamnoureldeen/Downloads/nopcommerceApp-master/./Drivers\chromedriver\chromedriver.exe"/>
  </testcase>
  <testcase name="afterMethod" classname="org.apache.maven.archetypes.nopcommerceApp.TestSearchProductByName" time="0">
    <skipped/>
  </testcase>
  <testcase name="tearDown" classname="org.apache.maven.archetypes.nopcommerceApp.TestSearchProductByName" time="0">
    <skipped/>
  </testcase>
  <testcase name="setup" classname="org.apache.maven.archetypes.nopcommerceApp.TestSearchProductByType" time="0.004">
    <failure message="The driver executable does not exist: /Users/pakinamnoureldeen/Downloads/nopcommerceApp-master/./Drivers\chromedriver\chromedriver.exe" type="java.lang.IllegalStateException">java.lang.IllegalStateException: The driver executable does not exist: /Users/pakinamnoureldeen/Downloads/nopcommerceApp-master/./Drivers\chromedriver\chromedriver.exe
</failure>
  </testcase>
  <testcase name="beforeClass" classname="org.apache.maven.archetypes.nopcommerceApp.TestSearchProductByType" time="0">
    <skipped/>
  </testcase>
  <testcase name="test_searchProductByType" classname="org.apache.maven.archetypes.nopcommerceApp.TestSearchProductByType" time="0">
    <skipped message="The driver executable does not exist: /Users/pakinamnoureldeen/Downloads/nopcommerceApp-master/./Drivers\chromedriver\chromedriver.exe"/>
  </testcase>
  <testcase name="afterMethod" classname="org.apache.maven.archetypes.nopcommerceApp.TestSearchProductByType" time="0">
    <skipped/>
  </testcase>
  <testcase name="tearDown" classname="org.apache.maven.archetypes.nopcommerceApp.TestSearchProductByType" time="0">
    <skipped/>
  </testcase>
  <testcase name="setup" classname="org.apache.maven.archetypes.nopcommerceApp.TestEditSearchedProduct" time="0.004">
    <failure message="The driver executable does not exist: /Users/pakinamnoureldeen/Downloads/nopcommerceApp-master/./Drivers\chromedriver\chromedriver.exe" type="java.lang.IllegalStateException">java.lang.IllegalStateException: The driver executable does not exist: /Users/pakinamnoureldeen/Downloads/nopcommerceApp-master/./Drivers\chromedriver\chromedriver.exe
</failure>
  </testcase>
  <testcase name="beforeMethod" classname="org.apache.maven.archetypes.nopcommerceApp.TestEditSearchedProduct" time="0">
    <skipped/>
  </testcase>
  <testcase name="test_ifTheSearchedProductUpdatedAfterEditing" classname="org.apache.maven.archetypes.nopcommerceApp.TestEditSearchedProduct" time="0">
    <skipped message="The driver executable does not exist: /Users/pakinamnoureldeen/Downloads/nopcommerceApp-master/./Drivers\chromedriver\chromedriver.exe"/>
  </testcase>
  <testcase name="afterMethod" classname="org.apache.maven.archetypes.nopcommerceApp.TestEditSearchedProduct" time="0">
    <skipped/>
  </testcase>
  <testcase name="tearDown" classname="org.apache.maven.archetypes.nopcommerceApp.TestEditSearchedProduct" time="0">
    <skipped/>
  </testcase>
  <testcase name="setup" classname="org.apache.maven.archetypes.nopcommerceApp.TestDeleteSearchedProduct" time="0.002">
    <failure message="The driver executable does not exist: /Users/pakinamnoureldeen/Downloads/nopcommerceApp-master/./Drivers\chromedriver\chromedriver.exe" type="java.lang.IllegalStateException">java.lang.IllegalStateException: The driver executable does not exist: /Users/pakinamnoureldeen/Downloads/nopcommerceApp-master/./Drivers\chromedriver\chromedriver.exe
</failure>
  </testcase>
  <testcase name="beforeMethod" classname="org.apache.maven.archetypes.nopcommerceApp.TestDeleteSearchedProduct" time="0">
    <skipped/>
  </testcase>
  <testcase name="test_IfSearchedProductWasDeletedAfterPressingDeleteButton" classname="org.apache.maven.archetypes.nopcommerceApp.TestDeleteSearchedProduct" time="0">
    <skipped message="The driver executable does not exist: /Users/pakinamnoureldeen/Downloads/nopcommerceApp-master/./Drivers\chromedriver\chromedriver.exe"/>
  </testcase>
  <testcase name="afterMethod" classname="org.apache.maven.archetypes.nopcommerceApp.TestDeleteSearchedProduct" time="0">
    <skipped/>
  </testcase>
  <testcase name="tearDown" classname="org.apache.maven.archetypes.nopcommerceApp.TestDeleteSearchedProduct" time="0">
    <skipped/>
  </testcase>
  <testcase name="setup" classname="org.apache.maven.archetypes.nopcommerceApp.ClearAllProductsTest" time="0.007">
    <failure message="The driver executable does not exist: /Users/pakinamnoureldeen/Downloads/nopcommerceApp-master/./Drivers\chromedriver\chromedriver.exe" type="java.lang.IllegalStateException">java.lang.IllegalStateException: The driver executable does not exist: /Users/pakinamnoureldeen/Downloads/nopcommerceApp-master/./Drivers\chromedriver\chromedriver.exe
</failure>
  </testcase>
  <testcase name="beforeMethod" classname="org.apache.maven.archetypes.nopcommerceApp.ClearAllProductsTest" time="0">
    <skipped/>
  </testcase>
  <testcase name="test_IfAllTheChosenProductsCanBeDeletedWhenPressingDeleteButton" classname="org.apache.maven.archetypes.nopcommerceApp.ClearAllProductsTest" time="0">
    <skipped message="The driver executable does not exist: /Users/pakinamnoureldeen/Downloads/nopcommerceApp-master/./Drivers\chromedriver\chromedriver.exe"/>
  </testcase>
  <testcase name="afterMethod" classname="org.apache.maven.archetypes.nopcommerceApp.ClearAllProductsTest" time="0">
    <skipped/>
  </testcase>
  <testcase name="tearDown" classname="org.apache.maven.archetypes.nopcommerceApp.ClearAllProductsTest" time="0">
    <skipped/>
  </testcase>
  <testcase name="setup" classname="org.apache.maven.archetypes.nopcommerceApp.TestAddManufacturer" time="0.196">
    <failure message="The driver executable does not exist: /Users/pakinamnoureldeen/Downloads/nopcommerceApp-master/./Drivers\chromedriver\chromedriver.exe" type="java.lang.IllegalStateException">java.lang.IllegalStateException: The driver executable does not exist: /Users/pakinamnoureldeen/Downloads/nopcommerceApp-master/./Drivers\chromedriver\chromedriver.exe
</failure>
  </testcase>
  <testcase name="beforeMethod" classname="org.apache.maven.archetypes.nopcommerceApp.TestAddManufacturer" time="0">
    <skipped/>
  </testcase>
  <testcase name="test_addManufacturer" classname="org.apache.maven.archetypes.nopcommerceApp.TestAddManufacturer" time="0">
    <skipped message="The driver executable does not exist: /Users/pakinamnoureldeen/Downloads/nopcommerceApp-master/./Drivers\chromedriver\chromedriver.exe"/>
  </testcase>
  <testcase name="afterMethod" classname="org.apache.maven.archetypes.nopcommerceApp.TestAddManufacturer" time="0">
    <skipped/>
  </testcase>
  <testcase name="tearDown" classname="org.apache.maven.archetypes.nopcommerceApp.TestAddManufacturer" time="0">
    <skipped/>
  </testcase>
</testsuite>